# JRE version: Java(TM) SE Runtime Environment (7.0_76-b13) (build 1.7.0_76-b13)
# Java VM: Java HotSpot(TM) Client VM (24.76-b04 mixed mode, sharing windows-x86 )
Heap
 def new generation   total 4928K, used 814K [0x23c00000, 0x24150000, 0x29150000)
  eden space 4416K,   6% used [0x23c00000, 0x23c4bac0, 0x24050000)
  from space 512K, 100% used [0x240d0000, 0x24150000, 0x24150000)
  to   space 512K,   0% used [0x24050000, 0x24050000, 0x240d0000)
 tenured generation   total 10944K, used 5260K [0x29150000, 0x29c00000, 0x33c00000)
   the space 10944K,  48% used [0x29150000, 0x29673238, 0x29673400, 0x29c00000)
 compacting perm gen  total 12288K, used 5062K [0x33c00000, 0x34800000, 0x37c00000)
   the space 12288K,  41% used [0x33c00000, 0x340f1828, 0x340f1a00, 0x34800000)
    ro space 10240K,  44% used [0x37c00000, 0x3807c168, 0x3807c200, 0x38600000)
    rw space 12288K,  52% used [0x38600000, 0x38c44040, 0x38c44200, 0x39200000)
GC Heap History (10 events):
Event: 10.138 GC heap before
{Heap before GC invocations=16 (full 0):
 def new generation   total 4928K, used 4448K [0x23c00000, 0x24150000, 0x29150000)
  eden space 4416K, 100% used [0x23c00000, 0x24050000, 0x24050000)
  from space 512K,   6% used [0x24050000, 0x240582d0, 0x240d0000)
  to   space 512K,   0% used [0x240d0000, 0x240d0000, 0x24150000)
 tenured generation   total 10944K, used 2326K [0x29150000, 0x29c00000, 0x33c00000)
   the space 10944K,  21% used [0x29150000, 0x29395a28, 0x29395c00, 0x29c00000)
 compacting perm gen  total 12288K, used 4278K [0x33c00000, 0x34800000, 0x37c00000)
   the space 12288K,  34% used [0x33c00000, 0x3402d850, 0x3402da00, 0x34800000)
    ro space 10240K,  44% used [0x37c00000, 0x3807c168, 0x3807c200, 0x38600000)
    rw space 12288K,  52% used [0x38600000, 0x38c44040, 0x38c44200, 0x39200000)
Event: 10.139 GC heap after
Heap after GC invocations=17 (full 0):
 def new generation   total 4928K, used 34K [0x23c00000, 0x24150000, 0x29150000)
  eden space 4416K,   0% used [0x23c00000, 0x23c00000, 0x24050000)
  from space 512K,   6% used [0x240d0000, 0x240d8bb0, 0x24150000)
  to   space 512K,   0% used [0x24050000, 0x24050000, 0x240d0000)
 tenured generation   total 10944K, used 2326K [0x29150000, 0x29c00000, 0x33c00000)
   the space 10944K,  21% used [0x29150000, 0x29395a28, 0x29395c00, 0x29c00000)
 compacting perm gen  total 12288K, used 4278K [0x33c00000, 0x34800000, 0x37c00000)
   the space 12288K,  34% used [0x33c00000, 0x3402d850, 0x3402da00, 0x34800000)
    ro space 10240K,  44% used [0x37c00000, 0x3807c168, 0x3807c200, 0x38600000)
    rw space 12288K,  52% used [0x38600000, 0x38c44040, 0x38c44200, 0x39200000)
}
Event: 10.172 GC heap before
{Heap before GC invocations=17 (full 0):
 def new generation   total 4928K, used 4450K [0x23c00000, 0x24150000, 0x29150000)
  eden space 4416K, 100% used [0x23c00000, 0x24050000, 0x24050000)
  from space 512K,   6% used [0x240d0000, 0x240d8bb0, 0x24150000)
  to   space 512K,   0% used [0x24050000, 0x24050000, 0x240d0000)
 tenured generation   total 10944K, used 2326K [0x29150000, 0x29c00000, 0x33c00000)
   the space 10944K,  21% used [0x29150000, 0x29395a28, 0x29395c00, 0x29c00000)
 compacting perm gen  total 12288K, used 4278K [0x33c00000, 0x34800000, 0x37c00000)
   the space 12288K,  34% used [0x33c00000, 0x3402d850, 0x3402da00, 0x34800000)
    ro space 10240K,  44% used [0x37c00000, 0x3807c168, 0x3807c200, 0x38600000)
    rw space 12288K,  52% used [0x38600000, 0x38c44040, 0x38c44200, 0x39200000)
Event: 10.173 GC heap after
Heap after GC invocations=18 (full 0):
 def new generation   total 4928K, used 38K [0x23c00000, 0x24150000, 0x29150000)
  eden space 4416K,   0% used [0x23c00000, 0x23c00000, 0x24050000)
  from space 512K,   7% used [0x24050000, 0x24059950, 0x240d0000)
  to   space 512K,   0% used [0x240d0000, 0x240d0000, 0x24150000)
 tenured generation   total 10944K, used 2326K [0x29150000, 0x29c00000, 0x33c00000)
   the space 10944K,  21% used [0x29150000, 0x29395a28, 0x29395c00, 0x29c00000)
 compacting perm gen  total 12288K, used 4278K [0x33c00000, 0x34800000, 0x37c00000)
   the space 12288K,  34% used [0x33c00000, 0x3402d850, 0x3402da00, 0x34800000)
    ro space 10240K,  44% used [0x37c00000, 0x3807c168, 0x3807c200, 0x38600000)
    rw space 12288K,  52% used [0x38600000, 0x38c44040, 0x38c44200, 0x39200000)
}
Event: 10.207 GC heap before
{Heap before GC invocations=18 (full 0):
 def new generation   total 4928K, used 4454K [0x23c00000, 0x24150000, 0x29150000)
  eden space 4416K, 100% used [0x23c00000, 0x24050000, 0x24050000)
  from space 512K,   7% used [0x24050000, 0x24059950, 0x240d0000)
  to   space 512K,   0% used [0x240d0000, 0x240d0000, 0x24150000)
 tenured generation   total 10944K, used 2326K [0x29150000, 0x29c00000, 0x33c00000)
   the space 10944K,  21% used [0x29150000, 0x29395a28, 0x29395c00, 0x29c00000)
 compacting perm gen  total 12288K, used 4278K [0x33c00000, 0x34800000, 0x37c00000)
   the space 12288K,  34% used [0x33c00000, 0x3402d850, 0x3402da00, 0x34800000)
    ro space 10240K,  44% used [0x37c00000, 0x3807c168, 0x3807c200, 0x38600000)
    rw space 12288K,  52% used [0x38600000, 0x38c44040, 0x38c44200, 0x39200000)
Event: 10.207 GC heap after
Heap after GC invocations=19 (full 0):
 def new generation   total 4928K, used 40K [0x23c00000, 0x24150000, 0x29150000)
  eden space 4416K,   0% used [0x23c00000, 0x23c00000, 0x24050000)
  from space 512K,   7% used [0x240d0000, 0x240da340, 0x24150000)
  to   space 512K,   0% used [0x24050000, 0x24050000, 0x240d0000)
 tenured generation   total 10944K, used 2326K [0x29150000, 0x29c00000, 0x33c00000)
   the space 10944K,  21% used [0x29150000, 0x29395a28, 0x29395c00, 0x29c00000)
 compacting perm gen  total 12288K, used 4278K [0x33c00000, 0x34800000, 0x37c00000)
   the space 12288K,  34% used [0x33c00000, 0x3402d850, 0x3402da00, 0x34800000)
    ro space 10240K,  44% used [0x37c00000, 0x3807c168, 0x3807c200, 0x38600000)
    rw space 12288K,  52% used [0x38600000, 0x38c44040, 0x38c44200, 0x39200000)
}
Event: 10.340 GC heap before
{Heap before GC invocations=19 (full 0):
 def new generation   total 4928K, used 4456K [0x23c00000, 0x24150000, 0x29150000)
  eden space 4416K, 100% used [0x23c00000, 0x24050000, 0x24050000)
  from space 512K,   7% used [0x240d0000, 0x240da340, 0x24150000)
  to   space 512K,   0% used [0x24050000, 0x24050000, 0x240d0000)
 tenured generation   total 10944K, used 2326K [0x29150000, 0x29c00000, 0x33c00000)
   the space 10944K,  21% used [0x29150000, 0x29395a28, 0x29395c00, 0x29c00000)
 compacting perm gen  total 12288K, used 4309K [0x33c00000, 0x34800000, 0x37c00000)
   the space 12288K,  35% used [0x33c00000, 0x34035758, 0x34035800, 0x34800000)
    ro space 10240K,  44% used [0x37c00000, 0x3807c168, 0x3807c200, 0x38600000)
    rw space 12288K,  52% used [0x38600000, 0x38c44040, 0x38c44200, 0x39200000)
Event: 10.346 GC heap after
Heap after GC invocations=20 (full 0):
 def new generation   total 4928K, used 512K [0x23c00000, 0x24150000, 0x29150000)
  eden space 4416K,   0% used [0x23c00000, 0x23c00000, 0x24050000)
  from space 512K, 100% used [0x24050000, 0x240d0000, 0x240d0000)
  to   space 512K,   0% used [0x240d0000, 0x240d0000, 0x24150000)
 tenured generation   total 10944K, used 2686K [0x29150000, 0x29c00000, 0x33c00000)
   the space 10944K,  24% used [0x29150000, 0x293ef8d0, 0x293efa00, 0x29c00000)
 compacting perm gen  total 12288K, used 4309K [0x33c00000, 0x34800000, 0x37c00000)
   the space 12288K,  35% used [0x33c00000, 0x34035758, 0x34035800, 0x34800000)
    ro space 10240K,  44% used [0x37c00000, 0x3807c168, 0x3807c200, 0x38600000)
    rw space 12288K,  52% used [0x38600000, 0x38c44040, 0x38c44200, 0x39200000)
}
Event: 11.712 GC heap before
{Heap before GC invocations=20 (full 0):
 def new generation   total 4928K, used 4928K [0x23c00000, 0x24150000, 0x29150000)
  eden space 4416K, 100% used [0x23c00000, 0x24050000, 0x24050000)
  from space 512K, 100% used [0x24050000, 0x240d0000, 0x240d0000)
  to   space 512K,   0% used [0x240d0000, 0x240d0000, 0x24150000)
 tenured generation   total 10944K, used 2686K [0x29150000, 0x29c00000, 0x33c00000)
   the space 10944K,  24% used [0x29150000, 0x293ef8d0, 0x293efa00, 0x29c00000)
 compacting perm gen  total 12288K, used 5027K [0x33c00000, 0x34800000, 0x37c00000)
   the space 12288K,  40% used [0x33c00000, 0x340e8de8, 0x340e8e00, 0x34800000)
    ro space 10240K,  44% used [0x37c00000, 0x3807c168, 0x3807c200, 0x38600000)
    rw space 12288K,  52% used [0x38600000, 0x38c44040, 0x38c44200, 0x39200000)
Event: 11.722 GC heap after
Heap after GC invocations=21 (full 0):
 def new generation   total 4928K, used 512K [0x23c00000, 0x24150000, 0x29150000)
  eden space 4416K,   0% used [0x23c00000, 0x23c00000, 0x24050000)
  from space 512K, 100% used [0x240d0000, 0x24150000, 0x24150000)
  to   space 512K,   0% used [0x24050000, 0x24050000, 0x240d0000)
 tenured generation   total 10944K, used 5260K [0x29150000, 0x29c00000, 0x33c00000)
   the space 10944K,  48% used [0x29150000, 0x29673238, 0x29673400, 0x29c00000)
 compacting perm gen  total 12288K, used 5027K [0x33c00000, 0x34800000, 0x37c00000)
   the space 12288K,  40% used [0x33c00000, 0x340e8de8, 0x340e8e00, 0x34800000)
    ro space 10240K,  44% used [0x37c00000, 0x3807c168, 0x3807c200, 0x38600000)
    rw space 12288K,  52% used [0x38600000, 0x38c44040, 0x38c44200, 0x39200000)
}

